<?xml version="1.0" encoding="UTF-8"?>
<testng-results skipped="0" failed="0" total="3" passed="3">
  <reporter-output>
  </reporter-output>
  <suite name="Suite" duration-ms="61887" started-at="2018-08-18T09:50:36Z" finished-at="2018-08-18T09:51:37Z">
    <groups>
    </groups>
    <test name="Test" duration-ms="61887" started-at="2018-08-18T09:50:36Z" finished-at="2018-08-18T09:51:37Z">
      <class name="pack1.NewTest1">
        <test-method status="PASS" signature="f1()[pri:0, instance:pack1.NewTest1@67b6d4ae]" name="f1" duration-ms="35522" started-at="2018-08-18T15:20:36Z" finished-at="2018-08-18T15:21:11Z">
          <reporter-output>
          </reporter-output>
        </test-method> <!-- f1 -->
        <test-method status="PASS" signature="f2()[pri:0, instance:pack1.NewTest1@67b6d4ae]" name="f2" duration-ms="15833" started-at="2018-08-18T15:21:11Z" finished-at="2018-08-18T15:21:27Z">
          <reporter-output>
          </reporter-output>
        </test-method> <!-- f2 -->
        <test-method status="PASS" signature="f3()[pri:0, instance:pack1.NewTest1@67b6d4ae]" name="f3" duration-ms="10513" started-at="2018-08-18T15:21:27Z" finished-at="2018-08-18T15:21:37Z">
          <reporter-output>
          </reporter-output>
        </test-method> <!-- f3 -->
      </class> <!-- pack1.NewTest1 -->
    </test> <!-- Test -->
  </suite> <!-- Suite -->
</testng-results>
