<?xml version="1.0" encoding="UTF-8"?>
<testsuite xmlns:xsi="http://www.w3.org/2001/XMLSchema-instance" xsi:noNamespaceSchemaLocation="https://maven.apache.org/surefire/maven-surefire-plugin/xsd/surefire-test-report.xsd" name="TestSuite" time="62.645" tests="3" errors="0" skipped="0" failures="0">
  <properties>
[...]
</properties>
  <testcase name="f1" classname="pack1.NewTest1" time="35.526"/>
  <testcase name="f2" classname="pack1.NewTest1" time="15.829"/>
  <testcase name="f3" classname="pack1.NewTest1" time="10.513"/>
</testsuite>